23:03:42 kicad-kle-placer-master.kle_placer_action 448: Plugin executed with python version: '3.9.10 (main, Jun 24 2022, 05:34:59) [MSC v.1932 64 bit (AMD64)]'
23:03:46 kicad-kle-placer-master.kle_placer_action 463: User layout: Keyboard(meta=KeyboardMetadata(author='', backcolor='#eeeeee', background=None, name='', notes='', radii='', switchBrand='', switchMount='', switchType=''), keys=[Key(color='#cccccc', labels=['Num Lock', '', '', '', '', '', '', '', '', '', '', ''], textColor=[None, None, None, None, None, None, None, None, None, None, None, None], textSize=[None, None, None, None, None, None, None, None, None, None, None, None], default=_inner_Key_default(textColor='#000000', textSize=3), x=0.0, y=0.0, width=1.0, height=1.0, x2=0.0, y2=0.0, width2=1.0, height2=1.0, rotation_x=0.0, rotation_y=0.0, rotation_angle=0.0, decal=False, ghost=False, stepped=False, nub=False, profile='', sm='', sb='', st=''), Key(color='#cccccc', labels=['/', '', '', '', '', '', '', '', '', '', '', ''], textColor=[None, None, None, None, None, None, None, None, None, None, None, None], textSize=[None, None, None, None, None, None, None, None, None, None, None, None], default=_inner_Key_default(textColor='#000000', textSize=3), x=1.0, y=0.0, width=1.0, height=1.0, x2=0.0, y2=0.0, width2=1.0, height2=1.0, rotation_x=0.0, rotation_y=0.0, rotation_angle=0.0, decal=False, ghost=False, stepped=False, nub=False, profile='', sm='', sb='', st=''), Key(color='#cccccc', labels=['*', '', '', '', '', '', '', '', '', '', '', ''], textColor=[None, None, None, None, None, None, None, None, None, None, None, None], textSize=[None, None, None, None, None, None, None, None, None, None, None, None], default=_inner_Key_default(textColor='#000000', textSize=3), x=2.0, y=0.0, width=1.0, height=1.0, x2=0.0, y2=0.0, width2=1.0, height2=1.0, rotation_x=0.0, rotation_y=0.0, rotation_angle=0.0, decal=False, ghost=False, stepped=False, nub=False, profile='', sm='', sb='', st=''), Key(color='#cccccc', labels=['-', '', '', '', '', '', '', '', '', '', '', ''], textColor=[None, None, None, None, None, None, None, None, None, None, None, None], textSize=[None, None, None, None, None, None, None, None, None, None, None, None], default=_inner_Key_default(textColor='#000000', textSize=3), x=3.0, y=0.0, width=1.0, height=1.0, x2=0.0, y2=0.0, width2=1.0, height2=1.0, rotation_x=0.0, rotation_y=0.0, rotation_angle=0.0, decal=False, ghost=False, stepped=False, nub=False, profile='', sm='', sb='', st=''), Key(color='#cccccc', labels=['7', '', '', '', '', '', 'Home', '', '', '', '', ''], textColor=[None, None, None, None, None, None, None, None, None, None, None, None], textSize=[None, None, None, None, None, None, None, None, None, None, None, None], default=_inner_Key_default(textColor='#000000', textSize=3), x=0.0, y=1.0, width=1.0, height=1.0, x2=0.0, y2=0.0, width2=1.0, height2=1.0, rotation_x=0.0, rotation_y=0.0, rotation_angle=0.0, decal=False, ghost=False, stepped=False, nub=False, profile='', sm='', sb='', st=''), Key(color='#cccccc', labels=['8', '', '', '', '', '', '↑', '', '', '', '', ''], textColor=[None, None, None, None, None, None, None, None, None, None, None, None], textSize=[None, None, None, None, None, None, None, None, None, None, None, None], default=_inner_Key_default(textColor='#000000', textSize=3), x=1.0, y=1.0, width=1.0, height=1.0, x2=0.0, y2=0.0, width2=1.0, height2=1.0, rotation_x=0.0, rotation_y=0.0, rotation_angle=0.0, decal=False, ghost=False, stepped=False, nub=False, profile='', sm='', sb='', st=''), Key(color='#cccccc', labels=['9', '', '', '', '', '', 'PgUp', '', '', '', '', ''], textColor=[None, None, None, None, None, None, None, None, None, None, None, None], textSize=[None, None, None, None, None, None, None, None, None, None, None, None], default=_inner_Key_default(textColor='#000000', textSize=3), x=2.0, y=1.0, width=1.0, height=1.0, x2=0.0, y2=0.0, width2=1.0, height2=1.0, rotation_x=0.0, rotation_y=0.0, rotation_angle=0.0, decal=False, ghost=False, stepped=False, nub=False, profile='', sm='', sb='', st=''), Key(color='#cccccc', labels=['+', '', '', '', '', '', '', '', '', '', '', ''], textColor=[None, None, None, None, None, None, None, None, None, None, None, None], textSize=[None, None, None, None, None, None, None, None, None, None, None, None], default=_inner_Key_default(textColor='#000000', textSize=3), x=3.0, y=1.0, width=1.0, height=2.0, x2=0.0, y2=0.0, width2=1.0, height2=2.0, rotation_x=0.0, rotation_y=0.0, rotation_angle=0.0, decal=False, ghost=False, stepped=False, nub=False, profile='', sm='', sb='', st=''), Key(color='#cccccc', labels=['3', '', '', '', '', '', 'PgDn', '', '', '', '', ''], textColor=[None, None, None, None, None, None, None, None, None, None, None, None], textSize=[None, None, None, None, None, None, None, None, None, None, None, None], default=_inner_Key_default(textColor='#000000', textSize=3), x=3.0, y=1.0, width=1.0, height=1.0, x2=0.0, y2=0.0, width2=1.0, height2=1.0, rotation_x=0.0, rotation_y=0.0, rotation_angle=0.0, decal=False, ghost=False, stepped=False, nub=False, profile='', sm='', sb='', st=''), Key(color='#cccccc', labels=['4', '', '', '', '', '', '←', '', '', '', '', ''], textColor=[None, None, None, None, None, None, None, None, None, None, None, None], textSize=[None, None, None, None, None, None, None, None, None, None, None, None], default=_inner_Key_default(textColor='#000000', textSize=3), x=0.0, y=2.0, width=1.0, height=1.0, x2=0.0, y2=0.0, width2=1.0, height2=1.0, rotation_x=0.0, rotation_y=0.0, rotation_angle=0.0, decal=False, ghost=False, stepped=False, nub=False, profile='', sm='', sb='', st=''), Key(color='#cccccc', labels=['5', '', '', '', '', '', '', '', '', '', '', ''], textColor=[None, None, None, None, None, None, None, None, None, None, None, None], textSize=[None, None, None, None, None, None, None, None, None, None, None, None], default=_inner_Key_default(textColor='#000000', textSize=3), x=1.0, y=2.0, width=1.0, height=1.0, x2=0.0, y2=0.0, width2=1.0, height2=1.0, rotation_x=0.0, rotation_y=0.0, rotation_angle=0.0, decal=False, ghost=False, stepped=False, nub=False, profile='', sm='', sb='', st=''), Key(color='#cccccc', labels=['6', '', '', '', '', '', '→', '', '', '', '', ''], textColor=[None, None, None, None, None, None, None, None, None, None, None, None], textSize=[None, None, None, None, None, None, None, None, None, None, None, None], default=_inner_Key_default(textColor='#000000', textSize=3), x=2.0, y=2.0, width=1.0, height=1.0, x2=0.0, y2=0.0, width2=1.0, height2=1.0, rotation_x=0.0, rotation_y=0.0, rotation_angle=0.0, decal=False, ghost=False, stepped=False, nub=False, profile='', sm='', sb='', st=''), Key(color='#cccccc', labels=['.', '', '', '', '', '', 'Del', '', '', '', '', ''], textColor=[None, None, None, None, None, None, None, None, None, None, None, None], textSize=[None, None, None, None, None, None, None, None, None, None, None, None], default=_inner_Key_default(textColor='#000000', textSize=3), x=3.0, y=2.0, width=1.0, height=1.0, x2=0.0, y2=0.0, width2=1.0, height2=1.0, rotation_x=0.0, rotation_y=0.0, rotation_angle=0.0, decal=False, ghost=False, stepped=False, nub=False, profile='', sm='', sb='', st=''), Key(color='#cccccc', labels=['1', '', '', '', '', '', 'End', '', '', '', '', ''], textColor=[None, None, None, None, None, None, None, None, None, None, None, None], textSize=[None, None, None, None, None, None, None, None, None, None, None, None], default=_inner_Key_default(textColor='#000000', textSize=3), x=0.0, y=3.0, width=1.0, height=1.0, x2=0.0, y2=0.0, width2=1.0, height2=1.0, rotation_x=0.0, rotation_y=0.0, rotation_angle=0.0, decal=False, ghost=False, stepped=False, nub=False, profile='', sm='', sb='', st=''), Key(color='#cccccc', labels=['2', '', '', '', '', '', '↓', '', '', '', '', ''], textColor=[None, None, None, None, None, None, None, None, None, None, None, None], textSize=[None, None, None, None, None, None, None, None, None, None, None, None], default=_inner_Key_default(textColor='#000000', textSize=3), x=1.0, y=3.0, width=1.0, height=1.0, x2=0.0, y2=0.0, width2=1.0, height2=1.0, rotation_x=0.0, rotation_y=0.0, rotation_angle=0.0, decal=False, ghost=False, stepped=False, nub=False, profile='', sm='', sb='', st=''), Key(color='#cccccc', labels=['3', '', '', '', '', '', 'PgDn', '', '', '', '', ''], textColor=[None, None, None, None, None, None, None, None, None, None, None, None], textSize=[None, None, None, None, None, None, None, None, None, None, None, None], default=_inner_Key_default(textColor='#000000', textSize=3), x=2.0, y=3.0, width=1.0, height=1.0, x2=0.0, y2=0.0, width2=1.0, height2=1.0, rotation_x=0.0, rotation_y=0.0, rotation_angle=0.0, decal=False, ghost=False, stepped=False, nub=False, profile='', sm='', sb='', st=''), Key(color='#cccccc', labels=['Enter', '', '', '', '', '', '', '', '', '', '', ''], textColor=[None, None, None, None, None, None, None, None, None, None, None, None], textSize=[None, None, None, None, None, None, None, None, None, None, None, None], default=_inner_Key_default(textColor='#000000', textSize=3), x=3.0, y=3.0, width=1.0, height=2.0, x2=0.0, y2=0.0, width2=1.0, height2=2.0, rotation_x=0.0, rotation_y=0.0, rotation_angle=0.0, decal=False, ghost=False, stepped=False, nub=False, profile='', sm='', sb='', st=''), Key(color='#cccccc', labels=['3', '', '', '', '', '', 'PgDn', '', '', '', '', ''], textColor=[None, None, None, None, None, None, None, None, None, None, None, None], textSize=[None, None, None, None, None, None, None, None, None, None, None, None], default=_inner_Key_default(textColor='#000000', textSize=3), x=3.0, y=3.0, width=1.0, height=1.0, x2=0.0, y2=0.0, width2=1.0, height2=1.0, rotation_x=0.0, rotation_y=0.0, rotation_angle=0.0, decal=False, ghost=False, stepped=False, nub=False, profile='', sm='', sb='', st=''), Key(color='#cccccc', labels=['0', '', '', '', '', '', 'Ins', '', '', '', '', ''], textColor=[None, None, None, None, None, None, None, None, None, None, None, None], textSize=[None, None, None, None, None, None, None, None, None, None, None, None], default=_inner_Key_default(textColor='#000000', textSize=3), x=0.0, y=4.0, width=2.0, height=1.0, x2=0.0, y2=0.0, width2=2.0, height2=1.0, rotation_x=0.0, rotation_y=0.0, rotation_angle=0.0, decal=False, ghost=False, stepped=False, nub=False, profile='', sm='', sb='', st=''), Key(color='#cccccc', labels=['1', '', '', '', '', '', 'End', '', '', '', '', ''], textColor=[None, None, None, None, None, None, None, None, None, None, None, None], textSize=[None, None, None, None, None, None, None, None, None, None, None, None], default=_inner_Key_default(textColor='#000000', textSize=3), x=0.0, y=4.0, width=1.0, height=1.0, x2=0.0, y2=0.0, width2=1.0, height2=1.0, rotation_x=0.0, rotation_y=0.0, rotation_angle=0.0, decal=False, ghost=False, stepped=False, nub=False, profile='', sm='', sb='', st=''), Key(color='#cccccc', labels=['2', '', '', '', '', '', '↓', '', '', '', '', ''], textColor=[None, None, None, None, None, None, None, None, None, None, None, None], textSize=[None, None, None, None, None, None, None, None, None, None, None, None], default=_inner_Key_default(textColor='#000000', textSize=3), x=1.0, y=4.0, width=1.0, height=1.0, x2=0.0, y2=0.0, width2=1.0, height2=1.0, rotation_x=0.0, rotation_y=0.0, rotation_angle=0.0, decal=False, ghost=False, stepped=False, nub=False, profile='', sm='', sb='', st=''), Key(color='#cccccc', labels=['.', '', '', '', '', '', 'Del', '', '', '', '', ''], textColor=[None, None, None, None, None, None, None, None, None, None, None, None], textSize=[None, None, None, None, None, None, None, None, None, None, None, None], default=_inner_Key_default(textColor='#000000', textSize=3), x=2.0, y=4.0, width=1.0, height=1.0, x2=0.0, y2=0.0, width2=1.0, height2=1.0, rotation_x=0.0, rotation_y=0.0, rotation_angle=0.0, decal=False, ghost=False, stepped=False, nub=False, profile='', sm='', sb='', st=''), Key(color='#cccccc', labels=['.', '', '', '', '', '', 'Del', '', '', '', '', ''], textColor=[None, None, None, None, None, None, None, None, None, None, None, None], textSize=[None, None, None, None, None, None, None, None, None, None, None, None], default=_inner_Key_default(textColor='#000000', textSize=3), x=3.0, y=4.0, width=1.0, height=1.0, x2=0.0, y2=0.0, width2=1.0, height2=1.0, rotation_x=0.0, rotation_y=0.0, rotation_angle=0.0, decal=False, ghost=False, stepped=False, nub=False, profile='', sm='', sb='', st='')])
23:03:46 kicad-kle-placer-master.kle_placer_action 132: Searching for SW1 footprint
23:03:46 kicad-kle-placer-master.kle_placer_action 334: default_key_rotation 180.0
23:03:46 kicad-kle-placer-master.kle_placer_action 132: Searching for D1 footprint
23:03:46 kicad-kle-placer-master.kle_placer_action 132: Searching for D1 footprint
23:03:46 kicad-kle-placer-master.kle_placer_action 132: Searching for SW1 footprint
23:03:46 kicad-kle-placer-master.kle_placer_action 132: Searching for S1 footprint
23:03:46 kicad-kle-placer-master.kle_placer_action 140: Setting SW1 footprint position: (42068750, 61912500)
23:03:46 kicad-kle-placer-master.kle_placer_action 140: Setting D1 footprint position: (45243750, 62706250)
23:03:46 kicad-kle-placer-master.kle_placer_action 148: Rotating D1 footprint: rotationReference: (42068750, 61912500), rotationAngle: 0
23:03:46 kicad-kle-placer-master.kle_placer_action 132: Searching for D2 footprint
23:03:46 kicad-kle-placer-master.kle_placer_action 132: Searching for SW2 footprint
23:03:46 kicad-kle-placer-master.kle_placer_action 132: Searching for S2 footprint
23:03:46 kicad-kle-placer-master.kle_placer_action 140: Setting SW2 footprint position: (61118750, 61912500)
23:03:46 kicad-kle-placer-master.kle_placer_action 140: Setting D2 footprint position: (64293750, 62706250)
23:03:46 kicad-kle-placer-master.kle_placer_action 148: Rotating D2 footprint: rotationReference: (61118750, 61912500), rotationAngle: 0
23:03:46 kicad-kle-placer-master.kle_placer_action 132: Searching for D3 footprint
23:03:46 kicad-kle-placer-master.kle_placer_action 132: Searching for SW3 footprint
23:03:46 kicad-kle-placer-master.kle_placer_action 132: Searching for S3 footprint
23:03:46 kicad-kle-placer-master.kle_placer_action 140: Setting SW3 footprint position: (80168750, 61912500)
23:03:46 kicad-kle-placer-master.kle_placer_action 140: Setting D3 footprint position: (83343750, 62706250)
23:03:46 kicad-kle-placer-master.kle_placer_action 148: Rotating D3 footprint: rotationReference: (80168750, 61912500), rotationAngle: 0
23:03:46 kicad-kle-placer-master.kle_placer_action 132: Searching for D4 footprint
23:03:46 kicad-kle-placer-master.kle_placer_action 132: Searching for SW4 footprint
23:03:46 kicad-kle-placer-master.kle_placer_action 132: Searching for S4 footprint
23:03:46 kicad-kle-placer-master.kle_placer_action 140: Setting SW4 footprint position: (99218750, 61912500)
23:03:46 kicad-kle-placer-master.kle_placer_action 140: Setting D4 footprint position: (102393750, 62706250)
23:03:46 kicad-kle-placer-master.kle_placer_action 148: Rotating D4 footprint: rotationReference: (99218750, 61912500), rotationAngle: 0
23:03:46 kicad-kle-placer-master.kle_placer_action 132: Searching for D5 footprint
23:03:46 kicad-kle-placer-master.kle_placer_action 132: Searching for SW5 footprint
23:03:46 kicad-kle-placer-master.kle_placer_action 132: Searching for S5 footprint
23:03:46 kicad-kle-placer-master.kle_placer_action 140: Setting SW5 footprint position: (42068750, 80962500)
23:03:46 kicad-kle-placer-master.kle_placer_action 140: Setting D5 footprint position: (45243750, 81756250)
23:03:46 kicad-kle-placer-master.kle_placer_action 148: Rotating D5 footprint: rotationReference: (42068750, 80962500), rotationAngle: 0
23:03:46 kicad-kle-placer-master.kle_placer_action 132: Searching for D6 footprint
23:03:46 kicad-kle-placer-master.kle_placer_action 132: Searching for SW6 footprint
23:03:46 kicad-kle-placer-master.kle_placer_action 132: Searching for S6 footprint
23:03:46 kicad-kle-placer-master.kle_placer_action 140: Setting SW6 footprint position: (61118750, 80962500)
23:03:46 kicad-kle-placer-master.kle_placer_action 140: Setting D6 footprint position: (64293750, 81756250)
23:03:46 kicad-kle-placer-master.kle_placer_action 148: Rotating D6 footprint: rotationReference: (61118750, 80962500), rotationAngle: 0
23:03:46 kicad-kle-placer-master.kle_placer_action 132: Searching for D7 footprint
23:03:46 kicad-kle-placer-master.kle_placer_action 132: Searching for SW7 footprint
23:03:46 kicad-kle-placer-master.kle_placer_action 132: Searching for S7 footprint
23:03:46 kicad-kle-placer-master.kle_placer_action 140: Setting SW7 footprint position: (80168750, 80962500)
23:03:46 kicad-kle-placer-master.kle_placer_action 140: Setting D7 footprint position: (83343750, 81756250)
23:03:46 kicad-kle-placer-master.kle_placer_action 148: Rotating D7 footprint: rotationReference: (80168750, 80962500), rotationAngle: 0
23:03:46 kicad-kle-placer-master.kle_placer_action 132: Searching for D8 footprint
23:03:46 kicad-kle-placer-master.kle_placer_action 132: Searching for SW8 footprint
23:03:46 kicad-kle-placer-master.kle_placer_action 132: Searching for S8 footprint
23:03:46 kicad-kle-placer-master.kle_placer_action 140: Setting SW8 footprint position: (99218750, 90487500)
23:03:46 kicad-kle-placer-master.kle_placer_action 140: Setting D8 footprint position: (102393750, 91281250)
23:03:46 kicad-kle-placer-master.kle_placer_action 148: Rotating D8 footprint: rotationReference: (99218750, 90487500), rotationAngle: 0
23:03:46 kicad-kle-placer-master.kle_placer_action 132: Searching for D9 footprint
23:03:46 kicad-kle-placer-master.kle_placer_action 132: Searching for SW9 footprint
23:03:46 kicad-kle-placer-master.kle_placer_action 132: Searching for S9 footprint
23:03:46 kicad-kle-placer-master.kle_placer_action 140: Setting SW9 footprint position: (99218750, 80962500)
23:03:46 kicad-kle-placer-master.kle_placer_action 140: Setting S9 footprint position: (99218750, 80962500)
23:03:46 kicad-kle-placer-master.kle_placer_action 132: Searching for D10 footprint
23:03:46 kicad-kle-placer-master.kle_placer_action 132: Searching for SW10 footprint
23:03:46 kicad-kle-placer-master.kle_placer_action 132: Searching for S10 footprint
23:03:46 kicad-kle-placer-master.kle_placer_action 140: Setting SW10 footprint position: (42068750, 100012500)
23:03:46 kicad-kle-placer-master.kle_placer_action 140: Setting D10 footprint position: (45243750, 100806250)
23:03:46 kicad-kle-placer-master.kle_placer_action 148: Rotating D10 footprint: rotationReference: (42068750, 100012500), rotationAngle: 0
23:03:46 kicad-kle-placer-master.kle_placer_action 132: Searching for D11 footprint
23:03:46 kicad-kle-placer-master.kle_placer_action 132: Searching for SW11 footprint
23:03:46 kicad-kle-placer-master.kle_placer_action 132: Searching for S11 footprint
23:03:46 kicad-kle-placer-master.kle_placer_action 140: Setting SW11 footprint position: (61118750, 100012500)
23:03:46 kicad-kle-placer-master.kle_placer_action 140: Setting D11 footprint position: (64293750, 100806250)
23:03:46 kicad-kle-placer-master.kle_placer_action 148: Rotating D11 footprint: rotationReference: (61118750, 100012500), rotationAngle: 0
23:03:46 kicad-kle-placer-master.kle_placer_action 132: Searching for D12 footprint
23:03:46 kicad-kle-placer-master.kle_placer_action 132: Searching for SW12 footprint
23:03:46 kicad-kle-placer-master.kle_placer_action 132: Searching for S12 footprint
23:03:46 kicad-kle-placer-master.kle_placer_action 140: Setting SW12 footprint position: (80168750, 100012500)
23:03:46 kicad-kle-placer-master.kle_placer_action 140: Setting D12 footprint position: (83343750, 100806250)
23:03:46 kicad-kle-placer-master.kle_placer_action 148: Rotating D12 footprint: rotationReference: (80168750, 100012500), rotationAngle: 0
23:03:46 kicad-kle-placer-master.kle_placer_action 132: Searching for D13 footprint
23:03:46 kicad-kle-placer-master.kle_placer_action 132: Searching for SW13 footprint
23:03:46 kicad-kle-placer-master.kle_placer_action 132: Searching for S13 footprint
23:03:46 kicad-kle-placer-master.kle_placer_action 140: Setting SW13 footprint position: (99218750, 100012500)
23:03:46 kicad-kle-placer-master.kle_placer_action 140: Setting D13 footprint position: (102393750, 100806250)
23:03:46 kicad-kle-placer-master.kle_placer_action 148: Rotating D13 footprint: rotationReference: (99218750, 100012500), rotationAngle: 0
23:03:46 kicad-kle-placer-master.kle_placer_action 132: Searching for D14 footprint
23:03:46 kicad-kle-placer-master.kle_placer_action 132: Searching for SW14 footprint
23:03:46 kicad-kle-placer-master.kle_placer_action 132: Searching for S14 footprint
23:03:46 kicad-kle-placer-master.kle_placer_action 140: Setting SW14 footprint position: (42068750, 119062500)
23:03:46 kicad-kle-placer-master.kle_placer_action 140: Setting D14 footprint position: (45243750, 119856250)
23:03:46 kicad-kle-placer-master.kle_placer_action 148: Rotating D14 footprint: rotationReference: (42068750, 119062500), rotationAngle: 0
23:03:46 kicad-kle-placer-master.kle_placer_action 132: Searching for D15 footprint
23:03:46 kicad-kle-placer-master.kle_placer_action 132: Searching for SW15 footprint
23:03:46 kicad-kle-placer-master.kle_placer_action 132: Searching for S15 footprint
23:03:46 kicad-kle-placer-master.kle_placer_action 140: Setting SW15 footprint position: (61118750, 119062500)
23:03:46 kicad-kle-placer-master.kle_placer_action 140: Setting D15 footprint position: (64293750, 119856250)
23:03:46 kicad-kle-placer-master.kle_placer_action 148: Rotating D15 footprint: rotationReference: (61118750, 119062500), rotationAngle: 0
23:03:46 kicad-kle-placer-master.kle_placer_action 132: Searching for D16 footprint
23:03:46 kicad-kle-placer-master.kle_placer_action 132: Searching for SW16 footprint
23:03:46 kicad-kle-placer-master.kle_placer_action 132: Searching for S16 footprint
23:03:46 kicad-kle-placer-master.kle_placer_action 140: Setting SW16 footprint position: (80168750, 119062500)
23:03:46 kicad-kle-placer-master.kle_placer_action 140: Setting D16 footprint position: (83343750, 119856250)
23:03:46 kicad-kle-placer-master.kle_placer_action 148: Rotating D16 footprint: rotationReference: (80168750, 119062500), rotationAngle: 0
23:03:46 kicad-kle-placer-master.kle_placer_action 132: Searching for D17 footprint
23:03:46 kicad-kle-placer-master.kle_placer_action 132: Searching for SW17 footprint
23:03:46 kicad-kle-placer-master.kle_placer_action 132: Searching for S17 footprint
23:03:46 kicad-kle-placer-master.kle_placer_action 140: Setting SW17 footprint position: (99218750, 128587500)
23:03:46 kicad-kle-placer-master.kle_placer_action 140: Setting D17 footprint position: (102393750, 129381250)
23:03:46 kicad-kle-placer-master.kle_placer_action 148: Rotating D17 footprint: rotationReference: (99218750, 128587500), rotationAngle: 0
23:03:46 kicad-kle-placer-master.kle_placer_action 132: Searching for D18 footprint
23:03:46 kicad-kle-placer-master.kle_placer_action 132: Searching for SW18 footprint
23:03:46 kicad-kle-placer-master.kle_placer_action 132: Searching for S18 footprint
23:03:46 kicad-kle-placer-master.kle_placer_action 140: Setting SW18 footprint position: (99218750, 119062500)
23:03:46 kicad-kle-placer-master.kle_placer_action 132: Searching for D19 footprint
23:03:46 kicad-kle-placer-master.kle_placer_action 132: Searching for SW19 footprint
23:03:46 kicad-kle-placer-master.kle_placer_action 132: Searching for S19 footprint
23:03:46 kicad-kle-placer-master.kle_placer_action 140: Setting SW19 footprint position: (42068750, 138112500)
23:03:46 kicad-kle-placer-master.kle_placer_action 140: Setting D19 footprint position: (45243750, 138906250)
23:03:46 kicad-kle-placer-master.kle_placer_action 148: Rotating D19 footprint: rotationReference: (42068750, 138112500), rotationAngle: 0
23:03:46 kicad-kle-placer-master.kle_placer_action 132: Searching for D20 footprint
23:03:46 kicad-kle-placer-master.kle_placer_action 132: Searching for SW20 footprint
23:03:46 kicad-kle-placer-master.kle_placer_action 132: Searching for S20 footprint
23:03:46 kicad-kle-placer-master.kle_placer_action 140: Setting SW20 footprint position: (51593750, 138112500)
23:03:46 kicad-kle-placer-master.kle_placer_action 140: Setting S20 footprint position: (51593750, 138112500)
23:03:46 kicad-kle-placer-master.kle_placer_action 132: Searching for D21 footprint
23:03:46 kicad-kle-placer-master.kle_placer_action 132: Searching for SW21 footprint
23:03:46 kicad-kle-placer-master.kle_placer_action 132: Searching for S21 footprint
23:03:46 kicad-kle-placer-master.kle_placer_action 140: Setting SW21 footprint position: (61118750, 138112500)
23:03:46 kicad-kle-placer-master.kle_placer_action 140: Setting D21 footprint position: (64293750, 138906250)
23:03:46 kicad-kle-placer-master.kle_placer_action 148: Rotating D21 footprint: rotationReference: (61118750, 138112500), rotationAngle: 0
23:03:46 kicad-kle-placer-master.kle_placer_action 132: Searching for D22 footprint
23:03:46 kicad-kle-placer-master.kle_placer_action 132: Searching for SW22 footprint
23:03:46 kicad-kle-placer-master.kle_placer_action 132: Searching for S22 footprint
23:03:46 kicad-kle-placer-master.kle_placer_action 140: Setting SW22 footprint position: (80168750, 138112500)
23:03:46 kicad-kle-placer-master.kle_placer_action 140: Setting D22 footprint position: (83343750, 138906250)
23:03:46 kicad-kle-placer-master.kle_placer_action 148: Rotating D22 footprint: rotationReference: (80168750, 138112500), rotationAngle: 0
23:03:46 kicad-kle-placer-master.kle_placer_action 140: Setting S22 footprint position: (80168750, 138112500)
23:03:46 kicad-kle-placer-master.kle_placer_action 132: Searching for D23 footprint
23:03:46 kicad-kle-placer-master.kle_placer_action 132: Searching for SW23 footprint
23:03:46 kicad-kle-placer-master.kle_placer_action 132: Searching for S23 footprint
23:03:46 kicad-kle-placer-master.kle_placer_action 140: Setting SW23 footprint position: (99218750, 138112500)
23:03:46 kicad-kle-placer-master.kle_placer_action 140: Setting D23 footprint position: (102393750, 138906250)
23:03:46 kicad-kle-placer-master.kle_placer_action 148: Rotating D23 footprint: rotationReference: (99218750, 138112500), rotationAngle: 0
